<?xml version="1.0" encoding="UTF-8"?><testsuite errors="0" failures="0" name="com.restful.booker.userinfo.BookingCURDTestWithSteps" skipped="0" tests="5" time="5.28" timestamp="2023-08-08T17:44:12.576+01:00[Europe/London]"><testcase classname="com.restful.booker.userinfo.BookingCURDTestWithSteps" name="This will return token"/><testcase classname="com.restful.booker.userinfo.BookingCURDTestWithSteps" name="This will create booking"/><testcase classname="com.restful.booker.userinfo.BookingCURDTestWithSteps" name="This will update booking with firstname"/><testcase classname="com.restful.booker.userinfo.BookingCURDTestWithSteps" name="This will fetch booking details by booking id"/><testcase classname="com.restful.booker.userinfo.BookingCURDTestWithSteps" name="This will delete booking"/></testsuite>